1570851785244	mozrunner::runner	INFO	Running command: "C:\\Program Files\\Firefox Developer Edition\\firefox.exe" "-marionette" "-foreground" "-no-remote" "-profile" "C:\\Users\\admin\\AppData\\Local\\Temp\\rust_mozprofile.dD1tSRtpH99Y"
1570851786483	addons.webextension.screenshots@mozilla.org	WARN	Loading extension 'screenshots@mozilla.org': Reading manifest: Invalid extension permission: mozillaAddons
1570851786484	addons.webextension.screenshots@mozilla.org	WARN	Loading extension 'screenshots@mozilla.org': Reading manifest: Invalid extension permission: telemetry
1570851786484	addons.webextension.screenshots@mozilla.org	WARN	Loading extension 'screenshots@mozilla.org': Reading manifest: Invalid extension permission: resource://pdf.js/
1570851786522	addons.webextension.screenshots@mozilla.org	WARN	Loading extension 'screenshots@mozilla.org': Reading manifest: Invalid extension permission: about:reader*
JavaScript error: resource://gre/modules/XULStore.jsm, line 66: Error: Can't find profile directory.
1570851792407	Marionette	INFO	Listening on port 25215
1570851792553	Marionette	WARN	TLS certificate errors will be ignored for this session
JavaScript error: resource://activity-stream/lib/ActivityStreamPrefs.jsm, line 27: NS_ERROR_ILLEGAL_VALUE: Component returned failure code: 0x80070057 (NS_ERROR_ILLEGAL_VALUE) [nsIPrefBranch.removeObserver]
[Child 13944, Chrome_ChildThread] WARNING: pipe error: 109: file z:/task_1562608991/build/src/ipc/chromium/src/chrome/common/ipc_channel_win.cc, line 341
[Child [Child 9404, Chrome_ChildThread] WARNING: pipe error: 109: file z:/task_1562608991/build/src/ipc/chromium/src/chrome/common/ipc_channel_win.cc, line 341
1570851800308	mozrunner::runner	INFO	Running command: "C:\\Program Files\\Firefox Developer Edition\\firefox.exe" "-marionette" "-foreground" "-no-remote" "-profile" "C:\\Users\\admin\\AppData\\Local\\Temp\\rust_mozprofile.3Zet3YhPTnfH"
1570851801483	addons.webextension.screenshots@mozilla.org	WARN	Loading extension 'screenshots@mozilla.org': Reading manifest: Invalid extension permission: mozillaAddons
1570851801483	addons.webextension.screenshots@mozilla.org	WARN	Loading extension 'screenshots@mozilla.org': Reading manifest: Invalid extension permission: telemetry
1570851801484	addons.webextension.screenshots@mozilla.org	WARN	Loading extension 'screenshots@mozilla.org': Reading manifest: Invalid extension permission: resource://pdf.js/
1570851801484	addons.webextension.screenshots@mozilla.org	WARN	Loading extension 'screenshots@mozilla.org': Reading manifest: Invalid extension permission: about:reader*
JavaScript error: resource://gre/modules/XULStore.jsm, line 66: Error: Can't find profile directory.
1570851807413	Marionette	INFO	Listening on port 25271
1570851807493	Marionette	WARN	TLS certificate errors will be ignored for this session
1570851815605	Marionette	INFO	Stopped listening on port 25271
[Parent 12336, Gecko_IOThread] WARNING: pipe error: 109: file z:/task_1562608991/build/src/ipc/chromium/src/chrome/common/ipc_channel_win.cc, line 341
[Parent 12336, Gecko_IOThread] WARNING: pipe error: 109: file z:/task_1562608991/build/src/ipc/chromium/src/chrome/common/ipc_channel_win.cc, line 341
[Child 15112, Chrome_ChildThread] WARNING: pipe error: 109: file z:/task_1562608991/build/src/ipc/chromium/src/chrome/common/ipc_channel_win.cc, line 341
[ChilJavaScript error: resource://gre/modules/UrlClassifierListManager.jsm, line 680: TypeError: this.tablesData[table] is undefined
[Parent 12336, Gecko_IOThread] WARNING: pipe error: 109: file z:/task_1562608991/build/src/ipc/chromium/src/chrome/common/ipc_channel_win.cc, line 341
[Child 15980, Chrome_ChildThread] WARNING: pipe error: 109: file z:/task_1562608991/build/src/ipc/chromium/src/chrome/common/ipc_channel_win.cc, line 341
[Child 
###!!! [Child][RunMessage] Error: Channel closing: too late to send/recv, messages will be lost

[GPU 6488
###!!! [Child][MessageChannel::SendAndWait] Error: Channel error: cannot send/recv

1570852088343	mozrunner::runner	INFO	Running command: "C:\\Program Files\\Firefox Developer Edition\\firefox.exe" "-marionette" "-foreground" "-no-remote" "-profile" "C:\\Users\\admin\\AppData\\Local\\Temp\\rust_mozprofile.ycyyfrTNIl6m"
1570852095220	mozrunner::runner	INFO	Running command: "C:\\Program Files\\Firefox Developer Edition\\firefox.exe" "-marionette" "-foreground" "-no-remote" "-profile" "C:\\Users\\admin\\AppData\\Local\\Temp\\rust_mozprofile.siicJ8FMiSRy"
1570852096350	addons.webextension.screenshots@mozilla.org	WARN	Loading extension 'screenshots@mozilla.org': Reading manifest: Invalid extension permission: mozillaAddons
1570852096351	addons.webextension.screenshots@mozilla.org	WARN	Loading extension 'screenshots@mozilla.org': Reading manifest: Invalid extension permission: telemetry
1570852096351	addons.webextension.screenshots@mozilla.org	WARN	Loading extension 'screenshots@mozilla.org': Reading manifest: Invalid extension permission: resource://pdf.js/
1570852096351	addons.webextension.screenshots@mozilla.org	WARN	Loading extension 'screenshots@mozilla.org': Reading manifest: Invalid extension permission: about:reader*
JavaScript error: resource://gre/modules/XULStore.jsm, line 66: Error: Can't find profile directory.
1570852101417	Marionette	INFO	Listening on port 25653
1570852101832	Marionette	WARN	TLS certificate errors will be ignored for this session
1570852108563	Marionette	INFO	Stopped listening on port 25653
[Parent 7868, Gecko_IOThread] WARNING: pipe error: 109: file z:/task_1562608991/build/src/ipc/chromium/src/chrome/common/ipc_channel_win.cc, line 341
[Child 15624, Chrome_ChildThread] WARNING: pipe error: 109: file z:/task_1562608991/build/src/ipc/chromium/src/chrome/common/ipc_channel_win.cc, line 341
[Child 15624, Chrome_ChildThread] WARNINJavaScript error: resource://gre/modules/UrlClassifierListManager.jsm, line 680: TypeError: this.tablesData[table] is undefined
[Parent 7868, Gecko_IOThread] WARNING: pipe error: 109: file z:/task_1562608991/build/src/ipc/chromium/src/chrome/common/ipc_channel_win.cc, line 341
[GPU 11312, Chrome_Child
###!!! [Child][MessageChannel::SendAndWait] Error: Channel error: cannot send/recv

1570852244587	mozrunner::runner	INFO	Running command: "C:\\Program Files\\Firefox Developer Edition\\firefox.exe" "-marionette" "-foreground" "-no-remote" "-profile" "C:\\Users\\admin\\AppData\\Local\\Temp\\rust_mozprofile.saq1gHJ9MSrB"
1570852245806	addons.webextension.screenshots@mozilla.org	WARN	Loading extension 'screenshots@mozilla.org': Reading manifest: Invalid extension permission: mozillaAddons
1570852245806	addons.webextension.screenshots@mozilla.org	WARN	Loading extension 'screenshots@mozilla.org': Reading manifest: Invalid extension permission: telemetry
1570852245807	addons.webextension.screenshots@mozilla.org	WARN	Loading extension 'screenshots@mozilla.org': Reading manifest: Invalid extension permission: resource://pdf.js/
1570852245807	addons.webextension.screenshots@mozilla.org	WARN	Loading extension 'screenshots@mozilla.org': Reading manifest: Invalid extension permission: about:reader*
JavaScript error: resource://gre/modules/XULStore.jsm, line 66: Error: Can't find profile directory.
1570852250479	Marionette	INFO	Listening on port 25862
1570852250761	Marionette	WARN	TLS certificate errors will be ignored for this session
1570852257234	Marionette	INFO	Stopped listening on port 25862
JavaScript error: resource://activity-stream/lib/ActivityStreamPrefs.jsm, line 27: NS_ERROR_ILLEGAL_VALUE: Component returned failure code: 0x80070057 (NS_ERROR_ILLEGAL_VALUE) [nsIPrefBranch.removeObserver]
[Parent 14420, Gecko_IOThread] WARNING: pipe error: 109: file z:/task_1562608991/build/src/ipc/chromium/src/chrome/common/ipc_channel_win.cc, line 341
[Child 9068, Chrome_ChildThread] WARNING: pipe error: 109: file z:/task_1562608991/build/src/ipc/chromium/src/chrome/common/ipc_channel_win.cc, line 341
[Child 90[Child 14272, Chrome_ChildThread] WARNING: pipe error: 109: file z:/task_1562608991/build/src/ipc/chromium/src/chrome/common/ipc_channel_win.cc, line 341
[Child 1427[Parent 14420, Gecko_IOThread] WARNING: pipe error: 109: file z:/task_1562608991/build/src/ipc/chromium/src/chrome/common/ipc_channel_win.cc, line 341
[Child 15272, Chrome_ChildThread] WARNING: pipe error: 109: file z:/task_1562608991/build/src/ipc/chromium/src/chrome/common/ipc_channel_win.cc, line 341
[Child 15272, Chrome_ChildThread] WARNING: pipe error: 109: file z:/task_1562608991/build/src/ipc/chromium/src/chrome/common/ipc_channel_win.cc, line 341

###!!! [Child][RunMessage] Error: Channel closing: too late to send/recv, messages will be lost

[
###!!! [Child][MessageChannel::SendAndWait] Error: Channel error: cannot send/recv

1570852372543	mozrunner::runner	INFO	Running command: "C:\\Program Files\\Firefox Developer Edition\\firefox.exe" "-marionette" "-foreground" "-no-remote" "-profile" "C:\\Users\\admin\\AppData\\Local\\Temp\\rust_mozprofile.9IvetyIMvQvv"
1570852373674	addons.webextension.screenshots@mozilla.org	WARN	Loading extension 'screenshots@mozilla.org': Reading manifest: Invalid extension permission: mozillaAddons
1570852373674	addons.webextension.screenshots@mozilla.org	WARN	Loading extension 'screenshots@mozilla.org': Reading manifest: Invalid extension permission: telemetry
1570852373675	addons.webextension.screenshots@mozilla.org	WARN	Loading extension 'screenshots@mozilla.org': Reading manifest: Invalid extension permission: resource://pdf.js/
1570852373675	addons.webextension.screenshots@mozilla.org	WARN	Loading extension 'screenshots@mozilla.org': Reading manifest: Invalid extension permission: about:reader*
JavaScript error: resource://gre/modules/XULStore.jsm, line 66: Error: Can't find profile directory.
1570852378280	Marionette	INFO	Listening on port 26045
1570852378665	Marionette	WARN	TLS certificate errors will be ignored for this session
1570852385265	Marionette	INFO	Stopped listening on port 26045
[Parent 14472, Gecko_IOThread] WARNING: pipe error: 109: file z:/task_1562608991/build/src/ipc/chromium/src/chrome/common/ipc_channel_win.cc, line 341
[Child 12192, Chrome_ChildThread] WARNING: pip[Child 808, Chrome_ChildThread] WARNING: pipe error: 109: file z:/task_1562608991/build/src/ipc/chromium/src/chrome/common/ipc_channel_win.cc, line 341
[Child 808, JavaScript error: resource://gre/modules/UrlClassifierListManager.jsm, line 680: TypeError: this.tablesData[table] is undefined
[Parent 14472, Gecko_IOThread] WARNING: pipe error: 109: file z:/task_1562608991/build/src/ipc/chromium/src/chrome/common/ipc_channel_win.cc, line 341

###!!! [Child][RunMessage] Error: Channel closing: too late to send/recv, messages will be lost

[
###!!! [Child][MessageChannel::SendAndWait] Error: Channel error: cannot send/recv

1570852432720	mozrunner::runner	INFO	Running command: "C:\\Program Files\\Firefox Developer Edition\\firefox.exe" "-marionette" "-foreground" "-no-remote" "-profile" "C:\\Users\\admin\\AppData\\Local\\Temp\\rust_mozprofile.uiYn3aIMoaUb"
1570852433813	addons.webextension.screenshots@mozilla.org	WARN	Loading extension 'screenshots@mozilla.org': Reading manifest: Invalid extension permission: mozillaAddons
1570852433814	addons.webextension.screenshots@mozilla.org	WARN	Loading extension 'screenshots@mozilla.org': Reading manifest: Invalid extension permission: telemetry
1570852433814	addons.webextension.screenshots@mozilla.org	WARN	Loading extension 'screenshots@mozilla.org': Reading manifest: Invalid extension permission: resource://pdf.js/
1570852433814	addons.webextension.screenshots@mozilla.org	WARN	Loading extension 'screenshots@mozilla.org': Reading manifest: Invalid extension permission: about:reader*
JavaScript error: resource://gre/modules/XULStore.jsm, line 66: Error: Can't find profile directory.
1570852437780	Marionette	INFO	Listening on port 26147
1570852438189	Marionette	WARN	TLS certificate errors will be ignored for this session
1570852444748	Marionette	INFO	Stopped listening on port 26147
[Parent 3036, Gecko_IOThread] WARNING: pipe error: 109: file z:/task_1562608991/build/src/ipc/chromium/src/chrome/common/ipc_channel_win.cc, line 341
[Child 7656, Chrome_ChildThread] WARNING: pipe error: 109: file z:/task_1562608991/build/src/ipc/chromium/src/chrome/common/ipc_channel_win.cc, line 341
[Child 7[Child 9364, Chrome_ChildThread] WARNING: pipe error: 109: file z:/task_1562608991/build/src/ipc/chromium/src/chrome/common/ipc_channel_win.cc, line 341
[Child 9364[Parent 3036, Gecko_IOThread] WARNING: pipe error: 109: file z:/task_1562608991/build/src/ipc/chromium/src/chrome/common/ipc_channel_win.cc, line 341
[Child 10252, Chrome_ChildThread] WARNING: pipe error: 109: file z:/task_1562608991/build/src/ipc/chromium/src/chrome/common/ipc_channel_win.cc, line 341
[Chil
###!!! [Child][RunMessage] Error: Channel closing: too late to send/recv, messages will be lost

[GPU 243
###!!! [Child][MessageChannel::SendAndWait] Error: Channel error: cannot send/recv

1571040642832	mozrunner::runner	INFO	Running command: "C:\\Program Files\\Firefox Developer Edition\\firefox.exe" "-marionette" "-foreground" "-no-remote" "-profile" "C:\\Users\\admin\\AppData\\Local\\Temp\\rust_mozprofile.hY9LUSV0jHty"
1571040643971	addons.webextension.screenshots@mozilla.org	WARN	Loading extension 'screenshots@mozilla.org': Reading manifest: Invalid extension permission: mozillaAddons
1571040643972	addons.webextension.screenshots@mozilla.org	WARN	Loading extension 'screenshots@mozilla.org': Reading manifest: Invalid extension permission: telemetry
1571040643972	addons.webextension.screenshots@mozilla.org	WARN	Loading extension 'screenshots@mozilla.org': Reading manifest: Invalid extension permission: resource://pdf.js/
1571040643972	addons.webextension.screenshots@mozilla.org	WARN	Loading extension 'screenshots@mozilla.org': Reading manifest: Invalid extension permission: about:reader*
JavaScript error: resource://gre/modules/XULStore.jsm, line 66: Error: Can't find profile directory.
1571040648819	Marionette	INFO	Listening on port 62873
1571040648948	Marionette	WARN	TLS certificate errors will be ignored for this session
1571040655689	Marionette	INFO	Stopped listening on port 62873
[Parent 12928, Gecko_IOThread] WARNING: pipe error: 109: file z:/task_1562608991/build/src/ipc/chromium/src/chrome/common/ipc_channel_win.cc, line 341
[Child 516, Chrome_ChildThread] WARNING: pipe error: 109: file z:/task_1562608991/build/src/ipc/chromium/src/chrome/common/ipc_channel_win.cc, line 341
[Child [Parent 12928, Gecko_IOThread] WARNING: pipe error: 109: file z:/task_1562608991/build/src/ipc/chromium/src/chrome/common/ipc_channel_win.cc, line 341

###!!! [Child][RunMessage] Error: Channel closing: too late to send/recv, messages will be lost

[GP
###!!! [Child][MessageChannel::SendAndWait] Error: Channel error: cannot send/recv

1571040775500	mozrunner::runner	INFO	Running command: "C:\\Program Files\\Firefox Developer Edition\\firefox.exe" "-marionette" "-foreground" "-no-remote" "-profile" "C:\\Users\\admin\\AppData\\Local\\Temp\\rust_mozprofile.SvVegPjBb3Lv"
1571040776579	addons.webextension.screenshots@mozilla.org	WARN	Loading extension 'screenshots@mozilla.org': Reading manifest: Invalid extension permission: mozillaAddons
1571040776580	addons.webextension.screenshots@mozilla.org	WARN	Loading extension 'screenshots@mozilla.org': Reading manifest: Invalid extension permission: telemetry
1571040776580	addons.webextension.screenshots@mozilla.org	WARN	Loading extension 'screenshots@mozilla.org': Reading manifest: Invalid extension permission: resource://pdf.js/
1571040776580	addons.webextension.screenshots@mozilla.org	WARN	Loading extension 'screenshots@mozilla.org': Reading manifest: Invalid extension permission: about:reader*
JavaScript error: resource://gre/modules/XULStore.jsm, line 66: Error: Can't find profile directory.
1571040781160	Marionette	INFO	Listening on port 62943
1571040781578	Marionette	WARN	TLS certificate errors will be ignored for this session
1571040788450	Marionette	INFO	Stopped listening on port 62943
[Parent 1088, Gecko_IOThread] WARNING: pipe error: 109: file z:/task_1562608991/build/src/ipc/chromium/src/chrome/common/ipc_channel_win.cc, line 341
[Child 16716, Chrome_ChildThread] WARNING: pipe error: 109: file z:/task_1562608991/build/src/ipc/chromium/src/chrome/common/ipc_channel_win.cc, line 341
[Child 16716, Chrome_ChildThread] WARNING: pipe error: 109: file z:/task_1562608991/build/src/ipc/chromium/src/chrome/common/ipc_channel_win.cc, line 341
[Parent 1088, Gecko_IOThread] WARNING: pipe error: 109: file z:/task_1562608991/build/src/ipc/chromium/src/chrome/common/ipc_channel_win.cc, line 341
[Child 2748, Chrome_ChildThread] WARNING: pipe error: 109: file z:/task_1562608991/build/src/ipc/chromium/src/chrome/common/ipc_channel_win.cc, line 341
[Child 2748,
###!!! [Child][RunMessage] Error: Channel closing: too late to send/recv, messages will be lost

[
###!!! [Child][MessageChannel::SendAndWait] Error: Channel error: cannot send/recv

