1571036253860	mozrunner::runner	INFO	Running command: "C:\\Program Files\\Firefox Developer Edition\\firefox.exe" "-marionette" "-foreground" "-no-remote" "-profile" "C:\\Users\\admin\\AppData\\Local\\Temp\\rust_mozprofile.BkKV9oujpLwh"
1571036254994	addons.webextension.screenshots@mozilla.org	WARN	Loading extension 'screenshots@mozilla.org': Reading manifest: Invalid extension permission: mozillaAddons
1571036254995	addons.webextension.screenshots@mozilla.org	WARN	Loading extension 'screenshots@mozilla.org': Reading manifest: Invalid extension permission: telemetry
1571036254995	addons.webextension.screenshots@mozilla.org	WARN	Loading extension 'screenshots@mozilla.org': Reading manifest: Invalid extension permission: resource://pdf.js/
1571036255007	addons.webextension.screenshots@mozilla.org	WARN	Loading extension 'screenshots@mozilla.org': Reading manifest: Invalid extension permission: about:reader*
JavaScript error: resource://gre/modules/XULStore.jsm, line 66: Error: Can't find profile directory.
1571036259124	Marionette	INFO	Listening on port 62026
1571036259440	Marionette	WARN	TLS certificate errors will be ignored for this session
JavaScript error: resource://gre/modules/XULStore.jsm, line 66: Error: Can't find profile directory.
JavaScript error: resource://gre/modules/XULStore.jsm, line 66: Error: Can't find profile directory.
JavaScript error: http://www.gdhuida1688.com/public/static/js/area.js, line 1: ReferenceError: cityData3 is not defined
IPDL protocol error: Handler returned error code!

###!!! [Parent][DispatchAsyncMessage] Error: PLayerTransaction::Msg_ReleaseLayer Processing error: message was deserialized, but the handler returned false (indicating failure)

[Child 13488, Chrome_ChildThread] WARNING: pipe error: 109: file z:/task_1562608991/build/src/ipc/chromium/src/chrome/common/ipc_channel_win.cc, line 341
[Child 13488[Parent 2416, Gecko_IOThread] WARNING: pipe error: 109: file z:/task_1562608991/build/src/ipc/chromium/src/chrome/common/ipc_channel_win.cc, line 341
[Child 14332, Chrome_ChildThread] WARNING: pipe error: 109: file z:/task_1562608991/build/src/ipc/chromium/src/chrome/common/ipc_channel_win.cc, line 341
[Child1571036504651	Marionette	INFO	Stopped listening on port 62026

###!!! [Child][RunMessage] Error: Channel closing: too late to send/recv, messages will be lost

[GPU 
###!!! [Child][MessageChannel::SendAndWait] Error: Channel error: cannot send/recv

1571036757816	mozrunner::runner	INFO	Running command: "C:\\Program Files\\Firefox Developer Edition\\firefox.exe" "-marionette" "-foreground" "-no-remote" "-profile" "C:\\Users\\admin\\AppData\\Local\\Temp\\rust_mozprofile.mm2QLrEDdpfy"
1571036759436	addons.webextension.screenshots@mozilla.org	WARN	Loading extension 'screenshots@mozilla.org': Reading manifest: Invalid extension permission: mozillaAddons
1571036759436	addons.webextension.screenshots@mozilla.org	WARN	Loading extension 'screenshots@mozilla.org': Reading manifest: Invalid extension permission: telemetry
1571036759437	addons.webextension.screenshots@mozilla.org	WARN	Loading extension 'screenshots@mozilla.org': Reading manifest: Invalid extension permission: resource://pdf.js/
1571036759437	addons.webextension.screenshots@mozilla.org	WARN	Loading extension 'screenshots@mozilla.org': Reading manifest: Invalid extension permission: about:reader*
JavaScript error: resource://gre/modules/XULStore.jsm, line 66: Error: Can't find profile directory.
1571036763697	Marionette	INFO	Listening on port 62241
1571036764019	Marionette	WARN	TLS certificate errors will be ignored for this session
JavaScript error: resource://gre/modules/XULStore.jsm, line 66: Error: Can't find profile directory.
JavaScript error: resource://gre/modules/XULStore.jsm, line 66: Error: Can't find profile directory.
IPDL protocol error: Handler returned error code!

###!!! [Parent][DispatchAsyncMessage] Error: PLayerTransaction::Msg_ReleaseLayer Processing error: message was deserialized, but the handler returned false (indicating failure)

[Child 7700, Chrome_ChildThread] WARNING: pipe error: 109: file z:/task_1562608991/build/src/ipc/chromium/src/chrome/common/ipc_channel_win.cc, line 341
[[ChChild 18160, Chrome_ChildThread] WARNING: pipe error: 109: file z:/task_1562608991/build/src/ipc/chromium/src/chrome/common/ipc_channel_win.cc, line 341
[Child 18160,[Parent 10936, Gecko_IOThread] WARNING: pipe error: 109: file z:/task_1562608991/build/src/ipc/chromium/src/chrome/common/ipc_channel_win.cc, line 341
[Child 11716, Chrome_ChildThread] WARNING: pipe error: 109: file z:/task_1562608991/build/src/ipc/chromium/src/chrome/common/ipc_channel_win.cc, line 341
[Child 11716,1571036911998	Marionette	INFO	Stopped listening on port 62241

###!!! [Child][RunMessage] Error: Channel closing: too late to send/recv, messages will be lost

[GPU 1523
###!!! [Child][MessageChannel::SendAndWait] Error: Channel error: cannot send/recv

1571037177438	mozrunner::runner	INFO	Running command: "C:\\Program Files\\Firefox Developer Edition\\firefox.exe" "-marionette" "-foreground" "-no-remote" "-profile" "C:\\Users\\admin\\AppData\\Local\\Temp\\rust_mozprofile.Hn6CnVyhP4E4"
1571037178637	addons.webextension.screenshots@mozilla.org	WARN	Loading extension 'screenshots@mozilla.org': Reading manifest: Invalid extension permission: mozillaAddons
1571037178637	addons.webextension.screenshots@mozilla.org	WARN	Loading extension 'screenshots@mozilla.org': Reading manifest: Invalid extension permission: telemetry
1571037178637	addons.webextension.screenshots@mozilla.org	WARN	Loading extension 'screenshots@mozilla.org': Reading manifest: Invalid extension permission: resource://pdf.js/
1571037178638	addons.webextension.screenshots@mozilla.org	WARN	Loading extension 'screenshots@mozilla.org': Reading manifest: Invalid extension permission: about:reader*
JavaScript error: resource://gre/modules/XULStore.jsm, line 66: Error: Can't find profile directory.
1571037183154	Marionette	INFO	Listening on port 62330
1571037183576	Marionette	WARN	TLS certificate errors will be ignored for this session
JavaScript error: resource://gre/modules/XULStore.jsm, line 66: Error: Can't find profile directory.
JavaScript error: resource://gre/modules/XULStore.jsm, line 66: Error: Can't find profile directory.
1571037204642	Marionette	INFO	Stopped listening on port 62330
[Parent 8244, Gecko_IOThread] WARNING: pipe error: 109: file z:/task_1562608991/build/src/ipc/chromium/src/chrome/common/ipc_channel_win.cc, line 341
[Child 17188, Chrome_ChildThread] WARNING: pipe error: 109: file z:/task_1562608991/build/src/ipc/chromium/src/chrome/common/ipc_channel_win.cc, line 341
[Child 17188[Parent 8244, Gecko_IOThread] WARNING: pipe error: 109: file z:/task_1562608991/build/src/ipc/chromium/src/chrome/common/ipc_channel_win.cc, line 341

###!!! [Child][RunMessage] Error: Channel closing: too late to send/recv, messages will be lost

[G
###!!! [Child][MessageChannel::SendAndWait] Error: Channel error: cannot send/recv

